<?xml version="1.0" encoding="UTF-8"?>
<!-- Generated by org.testng.reporters.JUnitXMLReporter -->
<testsuite ignored="10" hostname="LAPTOP-166GD89A" failures="0" tests="3" name="GroupingTest" time="0.061" errors="0" timestamp="2025-05-08T12:56:21 IST">
  <testcase classname="day44.LoginTest" name="loginByGmail" time="0.01"/>
  <testcase classname="day44.LoginTest" name="loginByFb" time="0.002"/>
  <testcase classname="day44.LoginTest" name="loginByTwitter" time="0.002"/>
  <testcase classname="day44.PaymentsTests" name="paymentsInDollars" time="0.0">
    <ignored/>
  </testcase> <!-- paymentsInDollars -->
  <testcase classname="day44.SignupTests" name="signupByTwitter" time="0.0">
    <ignored/>
  </testcase> <!-- signupByTwitter -->
  <testcase classname="day44.PaymentsTests" name="paymentsInRupees" time="0.0">
    <ignored/>
  </testcase> <!-- paymentsInRupees -->
  <testcase classname="day44.DependencyMethods" name="advancedsearch" time="0.0">
    <ignored/>
  </testcase> <!-- advancedsearch -->
  <testcase classname="day44.DependencyMethods" name="login" time="0.0">
    <ignored/>
  </testcase> <!-- login -->
  <testcase classname="day44.DependencyMethods" name="openApp" time="0.0">
    <ignored/>
  </testcase> <!-- openApp -->
  <testcase classname="day44.DependencyMethods" name="logout" time="0.0">
    <ignored/>
  </testcase> <!-- logout -->
  <testcase classname="day44.SignupTests" name="signupByGmail" time="0.0">
    <ignored/>
  </testcase> <!-- signupByGmail -->
  <testcase classname="day44.DependencyMethods" name="search" time="0.0">
    <ignored/>
  </testcase> <!-- search -->
  <testcase classname="day44.SignupTests" name="signupByFb" time="0.0">
    <ignored/>
  </testcase> <!-- signupByFb -->
</testsuite> <!-- GroupingTest -->
