<?xml version="1.0" encoding="UTF-8"?>
<testng-results ignored="0" total="1" passed="1" failed="0" skipped="0">
  <reporter-output>
  </reporter-output>
  <suite started-at="2025-05-14T17:38:22 IST" name="Default suite" finished-at="2025-05-14T17:38:31 IST" duration-ms="8450">
    <groups>
    </groups>
    <test started-at="2025-05-14T17:38:22 IST" name="Default test" finished-at="2025-05-14T17:38:31 IST" duration-ms="8450">
      <class name="day47.LoginTest">
        <test-method is-config="true" signature="setUp()[pri:0, instance:day47.LoginTest@5c671d7f]" started-at="2025-05-14T17:38:22 IST" name="setUp" finished-at="2025-05-14T17:38:30 IST" duration-ms="7582" status="PASS">
          <reporter-output>
          </reporter-output>
        </test-method> <!-- setUp -->
        <test-method signature="logintest()[pri:0, instance:day47.LoginTest@5c671d7f]" started-at="2025-05-14T17:38:30 IST" name="logintest" finished-at="2025-05-14T17:38:30 IST" duration-ms="614" status="PASS">
          <reporter-output>
          </reporter-output>
        </test-method> <!-- logintest -->
        <test-method is-config="true" signature="tearDown()[pri:0, instance:day47.LoginTest@5c671d7f]" started-at="2025-05-14T17:38:30 IST" name="tearDown" finished-at="2025-05-14T17:38:31 IST" duration-ms="192" status="PASS">
          <reporter-output>
          </reporter-output>
        </test-method> <!-- tearDown -->
      </class> <!-- day47.LoginTest -->
    </test> <!-- Default test -->
  </suite> <!-- Default suite -->
</testng-results>
