<?xml version="1.0" encoding="UTF-8"?>
<!-- Generated by org.testng.reporters.JUnitXMLReporter -->
<testsuite ignored="0" hostname="LAPTOP-166GD89A" failures="0" tests="8" name="OrangeHRM_Test" time="13.587" errors="0" timestamp="2025-05-07T15:29:41 IST">
  <testcase classname="day42.OrangeHRM_Test" name="openApp" time="6.479"/>
  <testcase classname="day42.OrangeHRM_Test" name="testLogo" time="2.068"/>
  <testcase classname="day42.OrangeHRM_Test" name="login" time="0.366"/>
  <testcase classname="day42.OrangeHRM_Test" name="logout" time="4.438"/>
  <testcase classname="day42.OrangeHRM_Test" name="close" time="0.128"/>
  <testcase classname="day42.TestNG_FirstTC" name="openApp" time="0.005"/>
  <testcase classname="day42.TestNG_FirstTC" name="login" time="0.002"/>
  <testcase classname="day42.TestNG_FirstTC" name="logout" time="0.004"/>
</testsuite> <!-- OrangeHRM_Test -->
